[debug] [2020-04-17T10:21:28.657Z] ----------------------------------------------------------------------
[debug] [2020-04-17T10:21:28.661Z] Command:       C:\Program Files\nodejs\node.exe C:\Users\huda\AppData\Roaming\npm\node_modules\firebase-tools\lib\bin\firebase.js init
[debug] [2020-04-17T10:21:28.661Z] CLI Version:   8.1.0
[debug] [2020-04-17T10:21:28.661Z] Platform:      win32
[debug] [2020-04-17T10:21:28.661Z] Node Version:  v10.16.3
[debug] [2020-04-17T10:21:28.662Z] Time:          Fri Apr 17 2020 13:21:28 GMT+0300 (Eastern European Summer Time)
[debug] [2020-04-17T10:21:28.662Z] ----------------------------------------------------------------------
[debug] [2020-04-17T10:21:28.663Z] 
[debug] [2020-04-17T10:21:28.673Z] > command requires scopes: ["email","openid","https://www.googleapis.com/auth/cloudplatformprojects.readonly","https://www.googleapis.com/auth/firebase","https://www.googleapis.com/auth/cloud-platform"]
[debug] [2020-04-17T10:21:28.673Z] > authorizing via signed-in user
[info] 
     ######## #### ########  ######## ########     ###     ######  ########
     ##        ##  ##     ## ##       ##     ##  ##   ##  ##       ##
     ######    ##  ########  ######   ########  #########  ######  ######
     ##        ##  ##    ##  ##       ##     ## ##     ##       ## ##
     ##       #### ##     ## ######## ########  ##     ##  ######  ########

You're about to initialize a Firebase project in this directory:

  C:\Users\huda\Desktop\New folder\public

[info] 
=== Project Setup
[info] 
[info] First, let's associate this project directory with a Firebase project.
[info] You can create multiple project aliases by running firebase use --add, 
[info] but for now we'll just set up a default project.
[info] 
[debug] [2020-04-17T10:21:35.292Z] > refreshing access token with scopes: ["email","https://www.googleapis.com/auth/cloud-platform","https://www.googleapis.com/auth/cloudplatformprojects.readonly","https://www.googleapis.com/auth/firebase","openid"]
[debug] [2020-04-17T10:21:35.293Z] >>> HTTP REQUEST POST https://www.googleapis.com/oauth2/v3/token  
 <request body omitted>
[debug] [2020-04-17T10:21:35.931Z] <<< HTTP RESPONSE 200 {"content-type":"application/json; charset=utf-8","vary":"X-Origin, Referer, Origin,Accept-Encoding","date":"Fri, 17 Apr 2020 10:21:36 GMT","server":"scaffolding on HTTPServer2","cache-control":"private","x-xss-protection":"0","x-frame-options":"SAMEORIGIN","x-content-type-options":"nosniff","alt-svc":"quic=\":443\"; ma=2592000; v=\"46,43\",h3-Q050=\":443\"; ma=2592000,h3-Q049=\":443\"; ma=2592000,h3-Q048=\":443\"; ma=2592000,h3-Q046=\":443\"; ma=2592000,h3-Q043=\":443\"; ma=2592000,h3-T050=\":443\"; ma=2592000","accept-ranges":"none","transfer-encoding":"chunked"}
[debug] [2020-04-17T10:21:35.941Z] >>> HTTP REQUEST GET https://firebase.googleapis.com/v1beta1/projects?pageSize=100  
 
[debug] [2020-04-17T10:21:36.713Z] <<< HTTP RESPONSE 200 {"content-type":"application/json; charset=UTF-8","vary":"X-Origin, Referer, Origin,Accept-Encoding","date":"Fri, 17 Apr 2020 10:21:37 GMT","server":"ESF","cache-control":"private","x-xss-protection":"0","x-frame-options":"SAMEORIGIN","x-content-type-options":"nosniff","alt-svc":"quic=\":443\"; ma=2592000; v=\"46,43\",h3-Q050=\":443\"; ma=2592000,h3-Q049=\":443\"; ma=2592000,h3-Q048=\":443\"; ma=2592000,h3-Q046=\":443\"; ma=2592000,h3-Q043=\":443\"; ma=2592000,h3-T050=\":443\"; ma=2592000","accept-ranges":"none","transfer-encoding":"chunked"}
[info] i  Using project rashed-af2bc (rashed)
[info] 
=== Hosting Setup
[info] 
[info] Your public directory is the folder (relative to your project directory) that
[info] will contain Hosting assets to be uploaded with firebase deploy. If you
[info] have a build process for your assets, use your build's output directory.
[info] 
[info] i  Skipping write of public/404.html
[debug] [2020-04-17T10:21:47.449Z] >>> HTTP REQUEST GET https://www.gstatic.com/firebasejs/releases.json  
 
[debug] [2020-04-17T10:21:48.374Z] Error: unable to verify the first certificate
    at TLSSocket.onConnectSecure (_tls_wrap.js:1058:34)
    at TLSSocket.emit (events.js:198:13)
    at TLSSocket.EventEmitter.emit (domain.js:448:20)
    at TLSSocket._finishInit (_tls_wrap.js:636:8)
[error] 
[error] Error: Server Error. unable to verify the first certificate
